<?xml version="1.0" encoding="UTF-8"?>
<!-- Generated by org.testng.reporters.JUnitXMLReporter -->
<testsuite ignored="0" hostname="LAPTOP-P6HCU6SV" failures="1" tests="8" name="Search suitable Flights" time="81.491" errors="0" timestamp="2019-10-23T08:56:24 PKT">
  <testcase classname="emiratesTests.SearchFlightsTest" name="setUp" time="36.67"/>
  <testcase classname="emiratesTests.SearchFlightsTest" name="launchSite" time="0.033"/>
  <testcase classname="emiratesTests.SearchFlightsTest" name="testDeparture" time="23.055"/>
  <testcase classname="emiratesTests.SearchFlightsTest" name="testArrival" time="6.702"/>
  <testcase classname="emiratesTests.SearchFlightsTest" name="testDepartureDate" time="3.221"/>
  <testcase classname="emiratesTests.SearchFlightsTest" name="testArrivalDate" time="0.855">
    <failure type="java.lang.AssertionError" message="did not expect to find [true] but found [false]">
      <![CDATA[java.lang.AssertionError: did not expect to find [true] but found [false]
at emiratesTests.SearchFlightsTest.testArrivalDate(SearchFlightsTest.java:92)
at java.base/java.util.ArrayList.forEach(Unknown Source)
... Removed 31 stack frames]]>
    </failure>
  </testcase> <!-- testArrivalDate -->
  <testcase classname="emiratesTests.SearchFlightsTest" name="testClassType" time="0.384"/>
  <testcase classname="emiratesTests.SearchFlightsTest" name="tearDown" time="3.286"/>
</testsuite> <!-- Search suitable Flights -->
